<?xml version="1.0" encoding="UTF-8"?>
<testsuite name="MeterTest" tests="1" skipped="0" failures="0" errors="0" timestamp="2023-09-12T06:45:33" hostname="Dheerajs-MacBook-Pro.local" time="0.009">
  <properties/>
  <testcase name="shouldReturnEqualWhen1cmAnd100meterAreCompared()" classname="MeterTest" time="0.009"/>
  <system-out><![CDATA[]]></system-out>
  <system-err><![CDATA[]]></system-err>
</testsuite>
